2024-07-15 15:56:45 Loading main app package /usr/lib/obsidian/obsidian.asar
2024-07-15 15:56:45 Checking for update using Github
2024-07-15 15:56:45 Success.
2024-07-15 15:56:45 Latest version is 1.6.5
2024-07-15 15:56:45 App is up to date.
2024-07-15 16:19:16 Loading main app package /usr/lib/obsidian/obsidian.asar
2024-07-15 16:19:16 Checking for update using Github
2024-07-15 16:19:17 Success.
2024-07-15 16:19:17 Latest version is 1.6.5
2024-07-15 16:19:17 App is up to date.
2024-07-15 16:19:34 Loading main app package /usr/lib/obsidian/obsidian.asar
2024-07-15 16:19:34 Checking for update using Github
2024-07-15 16:19:48 Loading main app package /usr/lib/obsidian/obsidian.asar
2024-07-15 16:19:48 Checking for update using Github
2024-07-15 16:22:58 Loading main app package /usr/lib/obsidian/obsidian.asar
2024-07-15 16:22:58 Checking for update using Github
2024-07-15 16:24:08 Loading main app package /usr/lib/obsidian/obsidian.asar
2024-07-15 16:24:08 Checking for update using Github
2024-07-15 16:24:08 Success.
2024-07-15 16:24:08 Latest version is 1.6.5
2024-07-15 16:24:08 App is up to date.
2024-07-15 16:29:28 Loading main app package /usr/lib/obsidian/obsidian.asar
2024-07-15 16:29:28 Checking for update using Github
2024-07-15 16:29:28 Success.
2024-07-15 16:29:28 Latest version is 1.6.5
2024-07-15 16:29:28 App is up to date.
2024-07-15 17:29:28 Checking for update using Github
2024-07-15 17:29:28 Success.
2024-07-15 17:29:28 Latest version is 1.6.5
2024-07-15 17:29:28 App is up to date.
2024-07-15 18:29:28 Checking for update using Github
2024-07-15 18:29:28 Success.
2024-07-15 18:29:28 Latest version is 1.6.5
2024-07-15 18:29:28 App is up to date.
2024-07-15 19:29:28 Checking for update using Github
2024-07-15 19:29:28 Success.
2024-07-15 19:29:28 Latest version is 1.6.5
2024-07-15 19:29:28 App is up to date.
2024-07-15 20:29:28 Checking for update using Github
2024-07-15 20:29:28 Success.
2024-07-15 20:29:28 Latest version is 1.6.5
2024-07-15 20:29:28 App is up to date.
2024-07-15 21:29:28 Checking for update using Github
2024-07-15 21:29:28 Success.
2024-07-15 21:29:28 Latest version is 1.6.5
2024-07-15 21:29:28 App is up to date.
2024-07-15 22:29:28 Checking for update using Github
2024-07-15 22:29:29 Success.
2024-07-15 22:29:29 Latest version is 1.6.5
2024-07-15 22:29:29 App is up to date.
2024-07-15 23:29:28 Checking for update using Github
2024-07-15 23:29:29 Success.
2024-07-15 23:29:29 Latest version is 1.6.5
2024-07-15 23:29:29 App is up to date.
2024-07-16 00:29:29 Checking for update using Github
2024-07-16 00:29:30 Success.
2024-07-16 00:29:30 Latest version is 1.6.5
2024-07-16 00:29:30 App is up to date.
2024-07-16 02:26:45 Checking for update using Github
2024-07-16 02:26:46 Success.
2024-07-16 02:26:46 Latest version is 1.6.5
2024-07-16 02:26:46 App is up to date.
2024-07-16 08:21:40 Loading main app package /usr/lib/obsidian/obsidian.asar
2024-07-16 08:21:40 Checking for update using Github
2024-07-16 08:21:41 Success.
2024-07-16 08:21:41 Latest version is 1.6.5
2024-07-16 08:21:41 App is up to date.
2024-07-16 09:21:40 Checking for update using Github
2024-07-16 09:21:41 Success.
2024-07-16 09:21:41 Latest version is 1.6.5
2024-07-16 09:21:41 App is up to date.
2024-07-16 14:44:11 Checking for update using Github
2024-07-16 14:44:11 Success.
2024-07-16 14:44:11 Latest version is 1.6.5
2024-07-16 14:44:11 App is up to date.
2024-07-16 15:44:11 Checking for update using Github
2024-07-16 15:44:11 Success.
2024-07-16 15:44:11 Latest version is 1.6.5
2024-07-16 15:44:11 App is up to date.
2024-07-16 16:44:11 Checking for update using Github
2024-07-16 16:44:12 Success.
2024-07-16 16:44:12 Latest version is 1.6.5
2024-07-16 16:44:12 App is up to date.
2024-07-16 17:44:11 Checking for update using Github
2024-07-16 17:44:12 Success.
2024-07-16 17:44:12 Latest version is 1.6.5
2024-07-16 17:44:12 App is up to date.
2024-07-16 18:44:11 Checking for update using Github
2024-07-16 18:44:12 Success.
2024-07-16 18:44:12 Latest version is 1.6.5
2024-07-16 18:44:12 App is up to date.
2024-07-22 02:39:56 Loading main app package /usr/lib/obsidian/obsidian.asar
2024-07-22 02:39:57 Checking for update using Github
2024-07-22 02:40:07 Success.
2024-07-22 02:40:07 Latest version is 1.6.7
2024-07-22 02:40:07 Downloading update from https://github.com/obsidianmd/obsidian-releases/releases/download/v1.6.7/obsidian-1.6.7.asar.gz
2024-07-22 02:40:41 Verifying hash & signature. Size= 7993245
2024-07-22 02:40:41 Saving file
2024-07-22 02:40:41 Update complete.
2024-07-22 03:23:47 Loading updated app package /home/abhidahal/.config/obsidian/obsidian-1.6.7.asar
2024-07-22 03:23:48 Checking for update using Github
2024-07-22 03:23:48 Success.
2024-07-22 03:23:48 Latest version is 1.6.7
2024-07-22 03:23:48 App is up to date.
2024-07-22 07:21:14 Loading updated app package /home/abhidahal/.config/obsidian/obsidian-1.6.7.asar
2024-07-22 07:21:14 Checking for update using Github
2024-07-22 07:21:15 Success.
2024-07-22 07:21:15 Latest version is 1.6.7
2024-07-22 07:21:15 App is up to date.
2024-07-22 08:09:20 Loading updated app package /home/abhidahal/.config/obsidian/obsidian-1.6.7.asar
2024-07-22 08:09:20 Checking for update using Github
2024-07-22 08:09:20 Success.
2024-07-22 08:09:20 Latest version is 1.6.7
2024-07-22 08:09:20 App is up to date.
2024-07-22 09:56:39 Loading updated app package /home/abhidahal/.config/obsidian/obsidian-1.6.7.asar
2024-07-22 09:56:39 Checking for update using Github
2024-07-22 09:56:39 Success.
2024-07-22 09:56:39 Latest version is 1.6.7
2024-07-22 09:56:39 App is up to date.
